<?xml version="1.0" encoding="utf-8"?><testsuites name="pytest tests"><testsuite name="pytest" errors="0" failures="0" skipped="0" tests="3" time="29.296" timestamp="2026-05-30T02:43:18.547961+00:00" hostname="agent-env-829824e2-fa2c-4470-91de-6f2513fda498"><testcase classname="backend.tests.test_iter10_publish_and_stream.TestPublishPreview" name="test_preview_cta_urls" time="0.210" /><testcase classname="backend.tests.test_iter10_publish_and_stream.TestPublishWebhook" name="test_publish_returns_404_with_hint_and_clean_ctas" time="0.696" /><testcase classname="backend.tests.test_iter10_publish_and_stream.TestSyllabusStream" name="test_stream_emits_start_progress_modules_done" time="28.312" /></testsuite></testsuites>