<?xml version="1.0" encoding="utf-8"?><testsuites name="pytest tests"><testsuite name="pytest" errors="0" failures="0" skipped="0" tests="6" time="1.455" timestamp="2026-08-27T16:48:40.683828+00:00" hostname="agent-env-829824e2-fa2c-4470-91de-6f2513fda498"><testcase classname="tests.test_iter17_secret_rotation_401_fix" name="test_01_dispatch_returns_accepted_not_401" time="0.227" /><testcase classname="tests.test_iter17_secret_rotation_401_fix" name="test_02_repeat_dispatch_is_deduplicated" time="0.076" /><testcase classname="tests.test_iter17_secret_rotation_401_fix" name="test_03_job_status_accepted" time="0.089" /><testcase classname="tests.test_iter17_secret_rotation_401_fix" name="test_04_refresh_hits_live_staging" time="0.476" /><testcase classname="tests.test_iter17_secret_rotation_401_fix" name="test_05_no_401_in_job_record" time="0.087" /><testcase classname="tests.test_iter17_secret_rotation_401_fix" name="test_06_fresh_dispatch_after_clearing_signal_job" time="0.426" /></testsuite></testsuites>