<?xml version="1.0" encoding="utf-8"?><testsuites name="pytest tests"><testsuite name="pytest" errors="0" failures="0" skipped="0" tests="43" time="3.310" timestamp="2026-08-26T07:43:01.628776+00:00" hostname="agent-env-829824e2-fa2c-4470-91de-6f2513fda498"><testcase classname="tests.test_iter14_dispatch_404_honest_failure.TestHealth" name="test_root_api_up" time="0.226" /><testcase classname="tests.test_iter14_dispatch_404_honest_failure.TestHealth" name="test_stats" time="0.063" /><testcase classname="tests.test_iter14_dispatch_404_honest_failure.TestBriefPreview" name="test_preview_shape_and_no_content" time="0.129" /><testcase classname="tests.test_iter14_dispatch_404_honest_failure.TestBriefPreview" name="test_preview_unknown_signal_404" time="0.058" /><testcase classname="tests.test_iter14_dispatch_404_honest_failure.TestDispatchHonestFailure" name="test_dispatch_returns_200_failed_job_with_404_hint" time="0.411" /><testcase classname="tests.test_iter14_dispatch_404_honest_failure.TestDispatchHonestFailure" name="test_dispatch_unknown_signal_404" time="0.056" /><testcase classname="tests.test_iter14_dispatch_404_honest_failure.TestDispatchHonestFailure" name="test_job_status_reflects_failed_job" time="0.056" /><testcase classname="tests.test_iter14_dispatch_404_honest_failure.TestDispatchHonestFailure" name="test_repeated_dispatch_does_not_dedupe_failed_job" time="0.394" /><testcase classname="tests.test_iter14_dispatch_404_honest_failure.TestDispatchHonestFailure" name="test_refresh_job_graceful_without_status_url" time="0.112" /><testcase classname="tests.test_iter14_dispatch_404_honest_failure.TestLegacyPublishGated" name="test_publish_returns_410" time="0.053" /><testcase classname="tests.test_iter14_dispatch_404_honest_failure.TestLegacyPublishGated" name="test_publish_preview_returns_410" time="0.054" /><testcase classname="tests.test_iter14_dispatch_404_honest_failure.TestLegacyPublishGated" name="test_publish_all_live_returns_410" time="0.053" /><testcase classname="tests.test_iter13_course_brief_v2.TestCourseBriefValidation" name="test_build_brief_shape" time="0.001" /><testcase classname="tests.test_iter13_course_brief_v2.TestCourseBriefValidation" name="test_priority_bands" time="0.000" /><testcase classname="tests.test_iter13_course_brief_v2.TestCourseBriefValidation" name="test_rejects_extra_fields" time="0.000" /><testcase classname="tests.test_iter13_course_brief_v2.TestCourseBriefValidation" name="test_serialized_brief_has_no_content_fields" time="0.000" /><testcase classname="tests.test_iter13_course_brief_v2.TestCourseBriefValidation" name="test_assert_no_content_fields_catches_nested" time="0.000" /><testcase classname="tests.test_iter13_course_brief_v2.TestIdempotencyKey" name="test_deterministic" time="0.000" /><testcase classname="tests.test_iter13_course_brief_v2.TestIdempotencyKey" name="test_stable_across_volatile_fields" time="0.000" /><testcase classname="tests.test_iter13_course_brief_v2.TestIdempotencyKey" name="test_changes_with_content" time="0.000" /><testcase classname="tests.test_iter13_course_brief_v2.TestHmacSigning" name="test_dispatch_signs_raw_body" time="0.085" /><testcase classname="tests.test_iter13_course_brief_v2.TestDispatch" name="test_success_records_job_and_signal" time="0.007" /><testcase classname="tests.test_iter13_course_brief_v2.TestDispatch" name="test_404_recorded_as_failed_with_hint" time="0.007" /><testcase classname="tests.test_iter13_course_brief_v2.TestDispatch" name="test_missing_url_fails_safely_no_legacy_fallback" time="0.006" /><testcase classname="tests.test_iter13_course_brief_v2.TestDispatch" name="test_retry_on_5xx_then_success" time="0.027" /><testcase classname="tests.test_iter13_course_brief_v2.TestDispatch" name="test_timeout_exhaustion_fails" time="0.028" /><testcase classname="tests.test_iter13_course_brief_v2.TestDispatch" name="test_malformed_2xx_body_is_accepted_not_ready" time="0.008" /><testcase classname="tests.test_iter13_course_brief_v2.TestDispatch" name="test_duplicate_dispatch_deduplicated" time="0.007" /><testcase classname="tests.test_iter13_course_brief_v2.TestDispatch" name="test_failed_dispatch_allows_retry_dispatch" time="0.009" /><testcase classname="tests.test_iter13_course_brief_v2.TestRefreshJob" name="test_transition_to_generating" time="0.005" /><testcase classname="tests.test_iter13_course_brief_v2.TestRefreshJob" name="test_ready_with_public_url" time="0.005" /><testcase classname="tests.test_iter13_course_brief_v2.TestRefreshJob" name="test_unknown_state_rejected_keeps_previous" time="0.005" /><testcase classname="tests.test_iter13_course_brief_v2.TestRefreshJob" name="test_http_error_does_not_advance_state" time="0.005" /><testcase classname="tests.test_iter13_course_brief_v2.TestRefreshJob" name="test_job_not_found" time="0.004" /><testcase classname="tests.test_iter13_course_brief_v2.TestLegacyGatingLive" name="test_flag_is_off" time="0.000" /><testcase classname="tests.test_iter13_course_brief_v2.TestLegacyGatingLive" name="test_publish_gated_410" time="0.387" /><testcase classname="tests.test_iter13_course_brief_v2.TestLegacyGatingLive" name="test_publish_preview_gated_410" time="0.093" /><testcase classname="tests.test_iter13_course_brief_v2.TestLegacyGatingLive" name="test_publish_all_gated_410" time="0.117" /><testcase classname="tests.test_iter13_course_brief_v2.TestLegacyGatingLive" name="test_retry_pending_gated_410" time="0.180" /><testcase classname="tests.test_iter13_course_brief_v2.TestLegacyGatingLive" name="test_syllabus_generation_gated_410" time="0.111" /><testcase classname="tests.test_iter13_course_brief_v2.TestLegacyGatingLive" name="test_syllabus_stream_gated_410" time="0.123" /><testcase classname="tests.test_iter13_course_brief_v2.TestLegacyGatingLive" name="test_integrations_status_exposes_flag_and_v2" time="0.116" /><testcase classname="tests.test_iter13_course_brief_v2.TestLegacyGatingLive" name="test_brief_preview_live_read_only_no_content_fields" time="0.123" /></testsuite></testsuites>