<?xml version="1.0" encoding="utf-8"?><testsuites name="pytest tests"><testsuite name="pytest" errors="0" failures="0" skipped="0" tests="9" time="2.681" timestamp="2026-05-30T05:19:26.145269+00:00" hostname="agent-env-829824e2-fa2c-4470-91de-6f2513fda498"><testcase classname="tests.test_iter11_reconcile_and_history.TestReconcile" name="test_status_200" time="2.224" /><testcase classname="tests.test_iter11_reconcile_and_history.TestReconcile" name="test_probe_shape" time="0.000" /><testcase classname="tests.test_iter11_reconcile_and_history.TestReconcile" name="test_probe_404_not_deployed" time="0.000" /><testcase classname="tests.test_iter11_reconcile_and_history.TestReconcile" name="test_totals_shape" time="0.000" /><testcase classname="tests.test_iter11_reconcile_and_history.TestReconcile" name="test_drift_shape" time="0.000" /><testcase classname="tests.test_iter11_reconcile_and_history.TestPublishHistory" name="test_signal_diag_fields" time="0.119" /><testcase classname="tests.test_iter11_reconcile_and_history.TestPublishHistory" name="test_signal_is_failed" time="0.000" /><testcase classname="tests.test_iter11_reconcile_and_history.TestPublishHistory" name="test_history_is_list" time="0.000" /><testcase classname="tests.test_iter11_reconcile_and_history.TestPublishHistory" name="test_404_for_unknown_signal" time="0.112" /></testsuite></testsuites>