<?xml version="1.0" encoding="utf-8"?><testsuites name="pytest tests"><testsuite name="pytest" errors="0" failures="0" skipped="0" tests="8" time="1.289" timestamp="2026-05-30T06:19:24.524290+00:00" hostname="agent-env-829824e2-fa2c-4470-91de-6f2513fda498"><testcase classname="tests.test_iter12_hmac_signing.TestIntegrationsStatus" name="test_publish_webhook_present" time="0.207" /><testcase classname="tests.test_iter12_hmac_signing.TestIntegrationsStatus" name="test_has_secret_true" time="0.000" /><testcase classname="tests.test_iter12_hmac_signing.TestIntegrationsStatus" name="test_signature_algorithm_and_header" time="0.000" /><testcase classname="tests.test_iter12_hmac_signing.TestSignPayloadUnit" name="test_matches_stdlib_hmac" time="0.000" /><testcase classname="tests.test_iter12_hmac_signing.TestSignPayloadUnit" name="test_different_secret_changes_digest" time="0.000" /><testcase classname="tests.test_iter12_hmac_signing.TestSignPayloadUnit" name="test_different_body_changes_digest" time="0.000" /><testcase classname="tests.test_iter12_hmac_signing" name="test_publish_signal_signs_body_with_hmac_sha256" time="0.606" /><testcase classname="tests.test_iter12_hmac_signing.TestLivePublishExpected401" name="test_publish_returns_401_invalid_signature" time="0.370" /></testsuite></testsuites>