<?xml version="1.0" encoding="utf-8"?><testsuites name="pytest tests"><testsuite name="pytest" errors="0" failures="0" skipped="0" tests="13" time="2.005" timestamp="2026-05-30T02:02:18.008706+00:00" hostname="agent-env-829824e2-fa2c-4470-91de-6f2513fda498"><testcase classname="tests.test_velocity_strikes_iter7.TestVelocityStrikes" name="test_velocity_returns_series" time="0.171" /><testcase classname="tests.test_velocity_strikes_iter7.TestVelocityStrikes" name="test_every_series_has_strikes_array" time="0.000" /><testcase classname="tests.test_velocity_strikes_iter7.TestVelocityStrikes" name="test_strike_schema_and_tier" time="0.000" /><testcase classname="tests.test_velocity_strikes_iter7.TestVelocityStrikes" name="test_velocity_ids_filter" time="0.116" /><testcase classname="tests.test_velocity_strikes_iter7.TestSignalHistoryHygiene" name="test_no_synthetic_rows" time="0.033" /><testcase classname="tests.test_velocity_strikes_iter7.TestSignalHistoryHygiene" name="test_history_has_real_rows" time="0.001" /><testcase classname="tests.test_velocity_strikes_iter7.TestIngestGrowsHistoryAndStrike" name="test_ingest_grows_history_and_emits_strike_in_velocity" time="0.670" /><testcase classname="tests.test_velocity_strikes_iter7.TestRegression" name="test_signals_list" time="0.169" /><testcase classname="tests.test_velocity_strikes_iter7.TestRegression" name="test_stats" time="0.128" /><testcase classname="tests.test_velocity_strikes_iter7.TestRegression" name="test_alerts" time="0.121" /><testcase classname="tests.test_velocity_strikes_iter7.TestRegression" name="test_scraper_status" time="0.152" /><testcase classname="tests.test_velocity_strikes_iter7.TestRegression" name="test_publish_payload_spec" time="0.146" /><testcase classname="tests.test_velocity_strikes_iter7.TestRegression" name="test_integrations_status" time="0.135" /></testsuite></testsuites>