<?xml version="1.0" encoding="utf-8"?><testsuites name="pytest tests"><testsuite name="pytest" errors="0" failures="0" skipped="0" tests="17" time="51.092" timestamp="2026-05-30T00:26:17.129541+00:00" hostname="agent-env-829824e2-fa2c-4470-91de-6f2513fda498"><testcase classname="backend.tests.test_signals" name="test_root" time="0.139" /><testcase classname="backend.tests.test_signals" name="test_list_signals_seeded_and_sorted" time="0.050" /><testcase classname="backend.tests.test_signals" name="test_signals_stats" time="0.098" /><testcase classname="backend.tests.test_signals" name="test_get_signal_404" time="0.052" /><testcase classname="backend.tests.test_signals.TestCRUDFlow" name="test_create_signal" time="0.047" /><testcase classname="backend.tests.test_signals.TestCRUDFlow" name="test_get_created_persisted" time="0.046" /><testcase classname="backend.tests.test_signals.TestCRUDFlow" name="test_update_conversion_fields_and_slugs" time="0.100" /><testcase classname="backend.tests.test_signals.TestCRUDFlow" name="test_trigger_syllabus" time="23.091" /><testcase classname="backend.tests.test_signals.TestCRUDFlow" name="test_syllabus_bumps_tracked_to_converting" time="22.216" /><testcase classname="backend.tests.test_signals.TestCRUDFlow" name="test_delete_signal_and_404" time="0.141" /><testcase classname="backend.tests.test_signals" name="test_cleanup_test_data" time="0.051" /><testcase classname="backend.tests.test_scraper" name="test_scraper_status" time="0.168" /><testcase classname="backend.tests.test_scraper" name="test_ingest_html_rejects_missing" time="0.049" /><testcase classname="backend.tests.test_scraper" name="test_ingest_html_rejects_too_small" time="0.060" /><testcase classname="backend.tests.test_scraper" name="test_ingest_html_parses_one_event" time="4.018" /><testcase classname="backend.tests.test_scraper" name="test_scraper_runs_returns_sorted" time="0.052" /><testcase classname="backend.tests.test_scraper" name="test_scraper_run_manual" time="0.644" /></testsuite></testsuites>