<?xml version="1.0" encoding="utf-8"?><testsuites name="pytest tests"><testsuite name="pytest" errors="0" failures="0" skipped="0" tests="10" time="3.006" timestamp="2026-05-30T00:26:09.645117+00:00" hostname="agent-env-829824e2-fa2c-4470-91de-6f2513fda498"><testcase classname="backend.tests.test_publish_alerts.TestPublishPreview" name="test_preview_payload_structure" time="0.273" /><testcase classname="backend.tests.test_publish_alerts.TestPublishPreview" name="test_preview_404" time="0.058" /><testcase classname="backend.tests.test_publish_alerts.TestPublish" name="test_publish_attempt_records_failure" time="0.789" /><testcase classname="backend.tests.test_publish_alerts.TestPublish" name="test_publish_404_for_unknown_signal" time="0.055" /><testcase classname="backend.tests.test_publish_alerts" name="test_signal_includes_publish_fields" time="0.111" /><testcase classname="backend.tests.test_publish_alerts.TestAlerts" name="test_alerts_list_unack" time="0.063" /><testcase classname="backend.tests.test_publish_alerts.TestAlerts" name="test_ack_invalid_404" time="0.062" /><testcase classname="backend.tests.test_publish_alerts.TestStrikeIngestion" name="test_strike_created_on_reg_surge" time="0.729" /><testcase classname="backend.tests.test_publish_alerts.TestStrikeIngestion" name="test_ack_single_alert" time="0.102" /><testcase classname="backend.tests.test_publish_alerts.TestStrikeIngestion" name="test_ack_all" time="0.660" /></testsuite></testsuites>