<?xml version="1.0" encoding="utf-8"?><testsuites name="pytest tests"><testsuite name="pytest" errors="0" failures="0" skipped="0" tests="17" time="53.902" timestamp="2026-05-29T23:51:24.207660+00:00" hostname="agent-env-829824e2-fa2c-4470-91de-6f2513fda498"><testcase classname="tests.test_signals" name="test_root" time="0.200" /><testcase classname="tests.test_signals" name="test_list_signals_seeded_and_sorted" time="0.071" /><testcase classname="tests.test_signals" name="test_signals_stats" time="0.116" /><testcase classname="tests.test_signals" name="test_get_signal_404" time="0.054" /><testcase classname="tests.test_signals.TestCRUDFlow" name="test_create_signal" time="0.069" /><testcase classname="tests.test_signals.TestCRUDFlow" name="test_get_created_persisted" time="0.057" /><testcase classname="tests.test_signals.TestCRUDFlow" name="test_update_conversion_fields_and_slugs" time="0.126" /><testcase classname="tests.test_signals.TestCRUDFlow" name="test_trigger_syllabus" time="23.988" /><testcase classname="tests.test_signals.TestCRUDFlow" name="test_syllabus_bumps_tracked_to_converting" time="24.523" /><testcase classname="tests.test_signals.TestCRUDFlow" name="test_delete_signal_and_404" time="0.218" /><testcase classname="tests.test_signals" name="test_cleanup_test_data" time="0.058" /><testcase classname="tests.test_scraper" name="test_scraper_status" time="0.173" /><testcase classname="tests.test_scraper" name="test_ingest_html_rejects_missing" time="0.053" /><testcase classname="tests.test_scraper" name="test_ingest_html_rejects_too_small" time="0.053" /><testcase classname="tests.test_scraper" name="test_ingest_html_parses_one_event" time="3.092" /><testcase classname="tests.test_scraper" name="test_scraper_runs_returns_sorted" time="0.049" /><testcase classname="tests.test_scraper" name="test_scraper_run_manual" time="0.827" /></testsuite></testsuites>