<?xml version="1.0" encoding="utf-8"?><testsuites name="pytest tests"><testsuite name="pytest" errors="0" failures="0" skipped="0" tests="11" time="1.218" timestamp="2026-05-29T23:32:00.938139+00:00" hostname="agent-env-829824e2-fa2c-4470-91de-6f2513fda498"><testcase classname="backend.tests.test_signals" name="test_root" time="0.194" /><testcase classname="backend.tests.test_signals" name="test_list_signals_seeded_and_sorted" time="0.051" /><testcase classname="backend.tests.test_signals" name="test_signals_stats" time="0.105" /><testcase classname="backend.tests.test_signals" name="test_get_signal_404" time="0.057" /><testcase classname="backend.tests.test_signals.TestCRUDFlow" name="test_create_signal" time="0.050" /><testcase classname="backend.tests.test_signals.TestCRUDFlow" name="test_get_created_persisted" time="0.052" /><testcase classname="backend.tests.test_signals.TestCRUDFlow" name="test_update_conversion_fields_and_slugs" time="0.100" /><testcase classname="backend.tests.test_signals.TestCRUDFlow" name="test_trigger_syllabus" time="0.050" /><testcase classname="backend.tests.test_signals.TestCRUDFlow" name="test_syllabus_bumps_tracked_to_converting" time="0.147" /><testcase classname="backend.tests.test_signals.TestCRUDFlow" name="test_delete_signal_and_404" time="0.144" /><testcase classname="backend.tests.test_signals" name="test_cleanup_test_data" time="0.050" /></testsuite></testsuites>