<?xml version="1.0" encoding="utf-8"?><testsuites name="pytest tests"><testsuite name="pytest" errors="0" failures="2" skipped="0" tests="27" time="52.103" timestamp="2026-05-30T01:19:57.002958+00:00" hostname="agent-env-829824e2-fa2c-4470-91de-6f2513fda498"><testcase classname="tests.test_publish_alerts.TestPublishPreview" name="test_preview_payload_structure" time="0.237" /><testcase classname="tests.test_publish_alerts.TestPublishPreview" name="test_preview_404" time="0.093" /><testcase classname="tests.test_publish_alerts.TestPublish" name="test_publish_attempt_records_failure" time="0.764" /><testcase classname="tests.test_publish_alerts.TestPublish" name="test_publish_404_for_unknown_signal" time="0.054" /><testcase classname="tests.test_publish_alerts" name="test_signal_includes_publish_fields" time="0.099" /><testcase classname="tests.test_publish_alerts.TestAlerts" name="test_alerts_list_unack" time="0.049" /><testcase classname="tests.test_publish_alerts.TestAlerts" name="test_ack_invalid_404" time="0.050" /><testcase classname="tests.test_publish_alerts.TestStrikeIngestion" name="test_strike_created_on_reg_surge" time="0.699"><failure message="AssertionError: expected at least 1 new strike alert&#10;assert []">tests/test_publish_alerts.py:164: in test_strike_created_on_reg_surge
    assert new_alerts, "expected at least 1 new strike alert"
E   AssertionError: expected at least 1 new strike alert
E   assert []</failure></testcase><testcase classname="tests.test_publish_alerts.TestStrikeIngestion" name="test_ack_single_alert" time="0.000"><failure message="AssertionError: strike alert id missing&#10;assert None">tests/test_publish_alerts.py:182: in test_ack_single_alert
    assert aid, "strike alert id missing"
E   AssertionError: strike alert id missing
E   assert None</failure></testcase><testcase classname="tests.test_publish_alerts.TestStrikeIngestion" name="test_ack_all" time="0.642" /><testcase classname="tests.test_scraper" name="test_scraper_status" time="0.106" /><testcase classname="tests.test_scraper" name="test_ingest_html_rejects_missing" time="0.048" /><testcase classname="tests.test_scraper" name="test_ingest_html_rejects_too_small" time="0.051" /><testcase classname="tests.test_scraper" name="test_ingest_html_parses_one_event" time="2.905" /><testcase classname="tests.test_scraper" name="test_scraper_runs_returns_sorted" time="0.057" /><testcase classname="tests.test_scraper" name="test_scraper_run_manual" time="1.140" /><testcase classname="tests.test_signals" name="test_root" time="0.112" /><testcase classname="tests.test_signals" name="test_list_signals_seeded_and_sorted" time="0.049" /><testcase classname="tests.test_signals" name="test_signals_stats" time="0.095" /><testcase classname="tests.test_signals" name="test_get_signal_404" time="0.044" /><testcase classname="tests.test_signals.TestCRUDFlow" name="test_create_signal" time="0.045" /><testcase classname="tests.test_signals.TestCRUDFlow" name="test_get_created_persisted" time="0.049" /><testcase classname="tests.test_signals.TestCRUDFlow" name="test_update_conversion_fields_and_slugs" time="0.109" /><testcase classname="tests.test_signals.TestCRUDFlow" name="test_trigger_syllabus" time="22.190" /><testcase classname="tests.test_signals.TestCRUDFlow" name="test_syllabus_bumps_tracked_to_converting" time="22.092" /><testcase classname="tests.test_signals.TestCRUDFlow" name="test_delete_signal_and_404" time="0.176" /><testcase classname="tests.test_signals" name="test_cleanup_test_data" time="0.051" /></testsuite></testsuites>