<?xml version="1.0" encoding="utf-8"?><testsuites name="pytest tests"><testsuite name="pytest" errors="0" failures="2" skipped="0" tests="41" time="55.277" timestamp="2026-05-30T01:44:53.560922+00:00" hostname="agent-env-829824e2-fa2c-4470-91de-6f2513fda498"><testcase classname="tests.test_publish_alerts.TestPublishPreview" name="test_preview_payload_structure" time="0.193" /><testcase classname="tests.test_publish_alerts.TestPublishPreview" name="test_preview_404" time="0.049" /><testcase classname="tests.test_publish_alerts.TestPublish" name="test_publish_attempt_records_failure" time="0.729" /><testcase classname="tests.test_publish_alerts.TestPublish" name="test_publish_404_for_unknown_signal" time="0.052" /><testcase classname="tests.test_publish_alerts" name="test_signal_includes_publish_fields" time="0.110" /><testcase classname="tests.test_publish_alerts.TestAlerts" name="test_alerts_list_unack" time="0.053" /><testcase classname="tests.test_publish_alerts.TestAlerts" name="test_ack_invalid_404" time="0.056" /><testcase classname="tests.test_publish_alerts.TestStrikeIngestion" name="test_strike_created_on_reg_surge" time="0.715"><failure message="AssertionError: expected at least 1 new strike alert&#10;assert []">tests/test_publish_alerts.py:164: in test_strike_created_on_reg_surge
    assert new_alerts, "expected at least 1 new strike alert"
E   AssertionError: expected at least 1 new strike alert
E   assert []</failure></testcase><testcase classname="tests.test_publish_alerts.TestStrikeIngestion" name="test_ack_single_alert" time="0.000"><failure message="AssertionError: strike alert id missing&#10;assert None">tests/test_publish_alerts.py:182: in test_ack_single_alert
    assert aid, "strike alert id missing"
E   AssertionError: strike alert id missing
E   assert None</failure></testcase><testcase classname="tests.test_publish_alerts.TestStrikeIngestion" name="test_ack_all" time="0.653" /><testcase classname="tests.test_scraper" name="test_scraper_status" time="0.167" /><testcase classname="tests.test_scraper" name="test_ingest_html_rejects_missing" time="0.046" /><testcase classname="tests.test_scraper" name="test_ingest_html_rejects_too_small" time="0.046" /><testcase classname="tests.test_scraper" name="test_ingest_html_parses_one_event" time="3.127" /><testcase classname="tests.test_scraper" name="test_scraper_runs_returns_sorted" time="0.050" /><testcase classname="tests.test_scraper" name="test_scraper_run_manual" time="1.404" /><testcase classname="tests.test_signals" name="test_root" time="0.156" /><testcase classname="tests.test_signals" name="test_list_signals_seeded_and_sorted" time="0.062" /><testcase classname="tests.test_signals" name="test_signals_stats" time="0.109" /><testcase classname="tests.test_signals" name="test_get_signal_404" time="0.055" /><testcase classname="tests.test_signals.TestCRUDFlow" name="test_create_signal" time="0.048" /><testcase classname="tests.test_signals.TestCRUDFlow" name="test_get_created_persisted" time="0.049" /><testcase classname="tests.test_signals.TestCRUDFlow" name="test_update_conversion_fields_and_slugs" time="0.131" /><testcase classname="tests.test_signals.TestCRUDFlow" name="test_trigger_syllabus" time="23.724" /><testcase classname="tests.test_signals.TestCRUDFlow" name="test_syllabus_bumps_tracked_to_converting" time="21.930" /><testcase classname="tests.test_signals.TestCRUDFlow" name="test_delete_signal_and_404" time="0.151" /><testcase classname="tests.test_signals" name="test_cleanup_test_data" time="0.056" /><testcase classname="tests.test_velocity_and_spec.TestVelocity" name="test_default_window" time="0.230" /><testcase classname="tests.test_velocity_and_spec.TestVelocity" name="test_hours_clamped_to_168" time="0.059" /><testcase classname="tests.test_velocity_and_spec.TestVelocity" name="test_hours_min_clamp" time="0.055" /><testcase classname="tests.test_velocity_and_spec.TestVelocity" name="test_limit_clamped_to_12" time="0.067" /><testcase classname="tests.test_velocity_and_spec.TestVelocity" name="test_ids_filter" time="0.110" /><testcase classname="tests.test_velocity_and_spec.TestVelocity" name="test_6h_window_shorter_than_7d" time="0.114" /><testcase classname="tests.test_velocity_and_spec.TestPayloadSpec" name="test_spec_shape" time="0.049" /><testcase classname="tests.test_velocity_and_spec.TestRegression" name="test_signals_list" time="0.051" /><testcase classname="tests.test_velocity_and_spec.TestRegression" name="test_signals_stats" time="0.047" /><testcase classname="tests.test_velocity_and_spec.TestRegression" name="test_scraper_status" time="0.047" /><testcase classname="tests.test_velocity_and_spec.TestRegression" name="test_alerts_list" time="0.070" /><testcase classname="tests.test_velocity_and_spec.TestRegression" name="test_integrations_status" time="0.048" /><testcase classname="tests.test_velocity_and_spec.TestRegression" name="test_publish_preview" time="0.096" /><testcase classname="tests.test_velocity_and_spec.TestScrapeAddsHistoryPoint" name="test_ingest_html_records_history" time="0.205" /></testsuite></testsuites>